mode: atomic
github.com/hiconvo/api/handlers/contact.go:21.58,26.16 4 2
github.com/hiconvo/api/handlers/contact.go:31.2,31.91 1 2
github.com/hiconvo/api/handlers/contact.go:26.16,29.3 2 0
github.com/hiconvo/api/handlers/contact.go:34.57,40.23 5 3
github.com/hiconvo/api/handlers/contact.go:47.2,48.16 2 3
github.com/hiconvo/api/handlers/contact.go:53.2,53.53 1 3
github.com/hiconvo/api/handlers/contact.go:60.2,60.38 1 1
github.com/hiconvo/api/handlers/contact.go:65.2,65.85 1 1
github.com/hiconvo/api/handlers/contact.go:40.23,45.3 2 0
github.com/hiconvo/api/handlers/contact.go:48.16,51.3 2 0
github.com/hiconvo/api/handlers/contact.go:53.53,58.3 2 2
github.com/hiconvo/api/handlers/contact.go:60.38,63.3 2 0
github.com/hiconvo/api/handlers/contact.go:68.60,75.16 6 4
github.com/hiconvo/api/handlers/contact.go:80.2,80.37 1 4
github.com/hiconvo/api/handlers/contact.go:85.2,87.38 2 1
github.com/hiconvo/api/handlers/contact.go:92.2,92.82 1 1
github.com/hiconvo/api/handlers/contact.go:75.16,78.3 2 0
github.com/hiconvo/api/handlers/contact.go:80.37,83.3 2 3
github.com/hiconvo/api/handlers/contact.go:87.38,90.3 2 0
github.com/hiconvo/api/handlers/event.go:43.58,48.24 4 3
github.com/hiconvo/api/handlers/event.go:56.2,57.52 2 3
github.com/hiconvo/api/handlers/event.go:62.2,62.30 1 3
github.com/hiconvo/api/handlers/event.go:69.2,70.16 2 3
github.com/hiconvo/api/handlers/event.go:77.2,78.16 2 3
github.com/hiconvo/api/handlers/event.go:85.2,86.16 2 3
github.com/hiconvo/api/handlers/event.go:93.2,94.16 2 2
github.com/hiconvo/api/handlers/event.go:99.2,107.29 4 2
github.com/hiconvo/api/handlers/event.go:112.2,123.16 2 2
github.com/hiconvo/api/handlers/event.go:128.2,128.42 1 2
github.com/hiconvo/api/handlers/event.go:136.2,136.33 1 2
github.com/hiconvo/api/handlers/event.go:141.2,141.75 1 2
github.com/hiconvo/api/handlers/event.go:148.2,148.47 1 2
github.com/hiconvo/api/handlers/event.go:153.2,153.47 1 2
github.com/hiconvo/api/handlers/event.go:48.24,53.3 2 0
github.com/hiconvo/api/handlers/event.go:57.52,60.3 2 0
github.com/hiconvo/api/handlers/event.go:62.30,67.3 2 0
github.com/hiconvo/api/handlers/event.go:70.16,75.3 2 0
github.com/hiconvo/api/handlers/event.go:78.16,83.3 2 0
github.com/hiconvo/api/handlers/event.go:86.16,91.3 2 1
github.com/hiconvo/api/handlers/event.go:94.16,97.3 2 0
github.com/hiconvo/api/handlers/event.go:107.29,109.3 1 3
github.com/hiconvo/api/handlers/event.go:123.16,126.3 2 0
github.com/hiconvo/api/handlers/event.go:128.42,131.3 2 0
github.com/hiconvo/api/handlers/event.go:136.33,138.3 1 3
github.com/hiconvo/api/handlers/event.go:141.75,146.3 2 0
github.com/hiconvo/api/handlers/event.go:148.47,151.3 2 0
github.com/hiconvo/api/handlers/event.go:159.56,165.16 4 4
github.com/hiconvo/api/handlers/event.go:170.2,170.81 1 4
github.com/hiconvo/api/handlers/event.go:165.16,168.3 2 0
github.com/hiconvo/api/handlers/event.go:176.55,181.44 4 3
github.com/hiconvo/api/handlers/event.go:187.2,187.57 1 1
github.com/hiconvo/api/handlers/event.go:181.44,184.3 2 2
github.com/hiconvo/api/handlers/event.go:201.58,208.24 5 3
github.com/hiconvo/api/handlers/event.go:214.2,214.25 1 1
github.com/hiconvo/api/handlers/event.go:219.2,220.52 2 1
github.com/hiconvo/api/handlers/event.go:226.2,226.54 1 1
github.com/hiconvo/api/handlers/event.go:230.2,230.75 1 1
github.com/hiconvo/api/handlers/event.go:234.2,234.29 1 1
github.com/hiconvo/api/handlers/event.go:248.2,248.63 1 1
github.com/hiconvo/api/handlers/event.go:264.2,264.42 1 1
github.com/hiconvo/api/handlers/event.go:269.2,269.54 1 1
github.com/hiconvo/api/handlers/event.go:274.2,274.42 1 1
github.com/hiconvo/api/handlers/event.go:208.24,211.3 2 2
github.com/hiconvo/api/handlers/event.go:214.25,217.3 2 0
github.com/hiconvo/api/handlers/event.go:220.52,223.3 2 0
github.com/hiconvo/api/handlers/event.go:226.54,228.3 1 1
github.com/hiconvo/api/handlers/event.go:230.75,232.3 1 0
github.com/hiconvo/api/handlers/event.go:234.29,236.17 2 0
github.com/hiconvo/api/handlers/event.go:243.3,243.40 1 0
github.com/hiconvo/api/handlers/event.go:236.17,241.4 2 0
github.com/hiconvo/api/handlers/event.go:243.40,245.4 1 0
github.com/hiconvo/api/handlers/event.go:248.63,250.17 2 0
github.com/hiconvo/api/handlers/event.go:257.3,261.36 5 0
github.com/hiconvo/api/handlers/event.go:250.17,255.4 2 0
github.com/hiconvo/api/handlers/event.go:264.42,267.3 2 0
github.com/hiconvo/api/handlers/event.go:269.54,272.3 2 0
github.com/hiconvo/api/handlers/event.go:280.58,286.24 4 3
github.com/hiconvo/api/handlers/event.go:292.2,293.71 2 1
github.com/hiconvo/api/handlers/event.go:299.2,299.23 1 1
github.com/hiconvo/api/handlers/event.go:304.2,304.74 1 1
github.com/hiconvo/api/handlers/event.go:309.2,309.52 1 1
github.com/hiconvo/api/handlers/event.go:314.2,314.42 1 1
github.com/hiconvo/api/handlers/event.go:319.2,319.42 1 1
github.com/hiconvo/api/handlers/event.go:286.24,289.3 2 2
github.com/hiconvo/api/handlers/event.go:293.71,296.3 2 0
github.com/hiconvo/api/handlers/event.go:299.23,301.3 1 2
github.com/hiconvo/api/handlers/event.go:304.74,307.3 2 0
github.com/hiconvo/api/handlers/event.go:309.52,312.3 2 0
github.com/hiconvo/api/handlers/event.go:314.42,317.3 2 0
github.com/hiconvo/api/handlers/event.go:326.61,334.24 6 5
github.com/hiconvo/api/handlers/event.go:341.2,343.26 3 3
github.com/hiconvo/api/handlers/event.go:348.2,348.16 1 3
github.com/hiconvo/api/handlers/event.go:354.2,354.54 1 3
github.com/hiconvo/api/handlers/event.go:361.2,364.50 2 3
github.com/hiconvo/api/handlers/event.go:370.2,370.42 1 3
github.com/hiconvo/api/handlers/event.go:375.2,377.42 2 3
github.com/hiconvo/api/handlers/event.go:334.24,337.3 2 2
github.com/hiconvo/api/handlers/event.go:343.26,345.3 1 2
github.com/hiconvo/api/handlers/event.go:345.8,347.3 1 1
github.com/hiconvo/api/handlers/event.go:348.16,352.3 3 0
github.com/hiconvo/api/handlers/event.go:354.54,359.3 2 0
github.com/hiconvo/api/handlers/event.go:364.50,367.3 2 0
github.com/hiconvo/api/handlers/event.go:370.42,373.3 2 0
github.com/hiconvo/api/handlers/event.go:384.66,393.17 7 4
github.com/hiconvo/api/handlers/event.go:400.2,400.96 1 4
github.com/hiconvo/api/handlers/event.go:417.2,417.52 1 2
github.com/hiconvo/api/handlers/event.go:423.2,423.42 1 2
github.com/hiconvo/api/handlers/event.go:428.2,428.42 1 2
github.com/hiconvo/api/handlers/event.go:393.17,396.3 2 0
github.com/hiconvo/api/handlers/event.go:400.96,402.48 1 2
github.com/hiconvo/api/handlers/event.go:409.3,410.38 2 2
github.com/hiconvo/api/handlers/event.go:402.48,407.4 2 0
github.com/hiconvo/api/handlers/event.go:411.8,414.3 2 2
github.com/hiconvo/api/handlers/event.go:417.52,420.3 2 0
github.com/hiconvo/api/handlers/event.go:423.42,426.3 2 0
github.com/hiconvo/api/handlers/event.go:434.61,439.24 4 3
github.com/hiconvo/api/handlers/event.go:444.2,444.42 1 2
github.com/hiconvo/api/handlers/event.go:452.2,452.42 1 1
github.com/hiconvo/api/handlers/event.go:457.2,457.42 1 1
github.com/hiconvo/api/handlers/event.go:439.24,442.3 2 1
github.com/hiconvo/api/handlers/event.go:444.42,449.3 2 1
github.com/hiconvo/api/handlers/event.go:452.42,455.3 2 0
github.com/hiconvo/api/handlers/event.go:464.66,469.24 4 3
github.com/hiconvo/api/handlers/event.go:475.2,475.23 1 2
github.com/hiconvo/api/handlers/event.go:482.2,485.42 2 1
github.com/hiconvo/api/handlers/event.go:490.2,490.42 1 1
github.com/hiconvo/api/handlers/event.go:469.24,472.3 2 1
github.com/hiconvo/api/handlers/event.go:475.23,480.3 2 1
github.com/hiconvo/api/handlers/event.go:485.42,488.3 2 0
github.com/hiconvo/api/handlers/event.go:504.56,509.52 4 3
github.com/hiconvo/api/handlers/event.go:514.2,515.16 2 3
github.com/hiconvo/api/handlers/event.go:520.2,521.16 2 3
github.com/hiconvo/api/handlers/event.go:526.2,526.20 1 3
github.com/hiconvo/api/handlers/event.go:531.2,536.4 1 3
github.com/hiconvo/api/handlers/event.go:541.2,541.38 1 1
github.com/hiconvo/api/handlers/event.go:548.2,550.38 2 1
github.com/hiconvo/api/handlers/event.go:555.2,555.38 1 1
github.com/hiconvo/api/handlers/event.go:560.2,560.38 1 1
github.com/hiconvo/api/handlers/event.go:509.52,512.3 2 0
github.com/hiconvo/api/handlers/event.go:515.16,518.3 2 0
github.com/hiconvo/api/handlers/event.go:521.16,524.3 2 0
github.com/hiconvo/api/handlers/event.go:526.20,529.3 2 0
github.com/hiconvo/api/handlers/event.go:536.4,539.3 2 2
github.com/hiconvo/api/handlers/event.go:541.38,546.3 2 0
github.com/hiconvo/api/handlers/event.go:550.38,553.3 2 0
github.com/hiconvo/api/handlers/event.go:555.38,558.3 2 0
github.com/hiconvo/api/handlers/helpers.go:15.131,29.26 6 6
github.com/hiconvo/api/handlers/helpers.go:69.2,70.71 2 4
github.com/hiconvo/api/handlers/helpers.go:74.2,74.43 1 4
github.com/hiconvo/api/handlers/helpers.go:29.26,34.10 2 8
github.com/hiconvo/api/handlers/helpers.go:38.3,40.24 3 8
github.com/hiconvo/api/handlers/helpers.go:46.3,46.14 1 8
github.com/hiconvo/api/handlers/helpers.go:55.3,55.36 1 6
github.com/hiconvo/api/handlers/helpers.go:58.3,62.17 3 6
github.com/hiconvo/api/handlers/helpers.go:65.3,65.35 1 4
github.com/hiconvo/api/handlers/helpers.go:34.10,36.4 1 0
github.com/hiconvo/api/handlers/helpers.go:40.24,42.4 1 0
github.com/hiconvo/api/handlers/helpers.go:46.14,47.47 1 2
github.com/hiconvo/api/handlers/helpers.go:51.4,51.12 1 2
github.com/hiconvo/api/handlers/helpers.go:47.47,50.5 2 2
github.com/hiconvo/api/handlers/helpers.go:55.36,56.12 1 0
github.com/hiconvo/api/handlers/helpers.go:62.17,64.4 1 2
github.com/hiconvo/api/handlers/helpers.go:70.71,72.3 1 0
github.com/hiconvo/api/handlers/helpers.go:79.80,81.16 2 6
github.com/hiconvo/api/handlers/helpers.go:84.2,84.13 1 6
github.com/hiconvo/api/handlers/helpers.go:93.2,93.15 1 6
github.com/hiconvo/api/handlers/helpers.go:81.16,83.3 1 0
github.com/hiconvo/api/handlers/helpers.go:84.13,86.17 2 3
github.com/hiconvo/api/handlers/helpers.go:90.3,90.17 1 3
github.com/hiconvo/api/handlers/helpers.go:86.17,88.4 1 0
github.com/hiconvo/api/handlers/helpers.go:96.104,100.24 3 4
github.com/hiconvo/api/handlers/helpers.go:110.2,110.35 1 4
github.com/hiconvo/api/handlers/helpers.go:100.24,102.17 2 2
github.com/hiconvo/api/handlers/helpers.go:106.3,107.22 2 2
github.com/hiconvo/api/handlers/helpers.go:102.17,104.4 1 0
github.com/hiconvo/api/handlers/helpers.go:113.33,116.2 2 6
github.com/hiconvo/api/handlers/message.go:23.66,28.49 4 3
github.com/hiconvo/api/handlers/message.go:34.2,35.17 2 2
github.com/hiconvo/api/handlers/message.go:40.2,40.87 1 2
github.com/hiconvo/api/handlers/message.go:28.49,31.3 2 1
github.com/hiconvo/api/handlers/message.go:35.17,38.3 2 0
github.com/hiconvo/api/handlers/message.go:51.65,59.52 6 4
github.com/hiconvo/api/handlers/message.go:65.2,65.49 1 3
github.com/hiconvo/api/handlers/message.go:70.2,71.16 2 2
github.com/hiconvo/api/handlers/message.go:76.2,76.44 1 2
github.com/hiconvo/api/handlers/message.go:81.2,81.43 1 2
github.com/hiconvo/api/handlers/message.go:86.2,86.41 1 2
github.com/hiconvo/api/handlers/message.go:91.2,91.49 1 2
github.com/hiconvo/api/handlers/message.go:59.52,62.3 2 1
github.com/hiconvo/api/handlers/message.go:65.49,68.3 2 1
github.com/hiconvo/api/handlers/message.go:71.16,74.3 2 0
github.com/hiconvo/api/handlers/message.go:76.44,79.3 2 0
github.com/hiconvo/api/handlers/message.go:81.43,84.3 2 0
github.com/hiconvo/api/handlers/message.go:86.41,89.3 2 0
github.com/hiconvo/api/handlers/message.go:97.65,102.47 4 3
github.com/hiconvo/api/handlers/message.go:108.2,109.17 2 2
github.com/hiconvo/api/handlers/message.go:114.2,114.87 1 2
github.com/hiconvo/api/handlers/message.go:102.47,105.3 2 1
github.com/hiconvo/api/handlers/message.go:109.17,112.3 2 0
github.com/hiconvo/api/handlers/message.go:120.64,128.52 6 4
github.com/hiconvo/api/handlers/message.go:134.2,134.47 1 3
github.com/hiconvo/api/handlers/message.go:140.2,140.23 1 2
github.com/hiconvo/api/handlers/message.go:147.2,148.16 2 2
github.com/hiconvo/api/handlers/message.go:153.2,153.44 1 2
github.com/hiconvo/api/handlers/message.go:158.2,158.42 1 2
github.com/hiconvo/api/handlers/message.go:163.2,163.49 1 2
github.com/hiconvo/api/handlers/message.go:128.52,131.3 2 1
github.com/hiconvo/api/handlers/message.go:134.47,137.3 2 1
github.com/hiconvo/api/handlers/message.go:140.23,145.3 2 0
github.com/hiconvo/api/handlers/message.go:148.16,151.3 2 0
github.com/hiconvo/api/handlers/message.go:153.44,156.3 2 0
github.com/hiconvo/api/handlers/message.go:158.42,161.3 2 0
github.com/hiconvo/api/handlers/router.go:14.34,96.2 53 1
github.com/hiconvo/api/handlers/router.go:98.55,102.2 1 1
github.com/hiconvo/api/handlers/router.go:104.63,108.2 1 0
github.com/hiconvo/api/handlers/tasks.go:15.59,16.60 1 0
github.com/hiconvo/api/handlers/tasks.go:23.2,27.6 4 0
github.com/hiconvo/api/handlers/tasks.go:48.2,48.73 1 0
github.com/hiconvo/api/handlers/tasks.go:16.60,21.3 2 0
github.com/hiconvo/api/handlers/tasks.go:27.6,30.27 3 0
github.com/hiconvo/api/handlers/tasks.go:33.3,33.17 1 0
github.com/hiconvo/api/handlers/tasks.go:40.3,40.46 1 0
github.com/hiconvo/api/handlers/tasks.go:30.27,31.9 1 0
github.com/hiconvo/api/handlers/tasks.go:33.17,38.4 2 0
github.com/hiconvo/api/handlers/tasks.go:40.46,45.4 2 0
github.com/hiconvo/api/handlers/user.go:49.57,54.52 4 5
github.com/hiconvo/api/handlers/user.go:60.2,61.16 2 2
github.com/hiconvo/api/handlers/user.go:89.2,94.17 2 1
github.com/hiconvo/api/handlers/user.go:100.2,100.41 1 1
github.com/hiconvo/api/handlers/user.go:105.2,108.46 3 1
github.com/hiconvo/api/handlers/user.go:54.52,57.3 2 3
github.com/hiconvo/api/handlers/user.go:61.16,64.3 2 0
github.com/hiconvo/api/handlers/user.go:64.8,64.18 1 2
github.com/hiconvo/api/handlers/user.go:64.18,65.91 1 1
github.com/hiconvo/api/handlers/user.go:84.3,85.9 2 1
github.com/hiconvo/api/handlers/user.go:65.91,74.48 5 0
github.com/hiconvo/api/handlers/user.go:78.4,81.10 2 0
github.com/hiconvo/api/handlers/user.go:74.48,77.5 2 0
github.com/hiconvo/api/handlers/user.go:94.17,97.3 2 0
github.com/hiconvo/api/handlers/user.go:100.41,103.3 2 0
github.com/hiconvo/api/handlers/user.go:114.61,117.2 2 1
github.com/hiconvo/api/handlers/user.go:122.54,128.16 5 2
github.com/hiconvo/api/handlers/user.go:133.2,133.68 1 1
github.com/hiconvo/api/handlers/user.go:128.16,131.3 2 1
github.com/hiconvo/api/handlers/user.go:145.63,150.52 4 4
github.com/hiconvo/api/handlers/user.go:155.2,156.16 2 3
github.com/hiconvo/api/handlers/user.go:164.2,164.39 1 2
github.com/hiconvo/api/handlers/user.go:178.2,178.56 1 1
github.com/hiconvo/api/handlers/user.go:150.52,153.3 2 1
github.com/hiconvo/api/handlers/user.go:156.16,159.3 2 0
github.com/hiconvo/api/handlers/user.go:159.8,159.19 1 3
github.com/hiconvo/api/handlers/user.go:159.19,162.3 2 1
github.com/hiconvo/api/handlers/user.go:164.39,165.17 1 1
github.com/hiconvo/api/handlers/user.go:174.3,175.9 2 1
github.com/hiconvo/api/handlers/user.go:165.17,172.4 3 0
github.com/hiconvo/api/handlers/user.go:190.52,195.52 4 0
github.com/hiconvo/api/handlers/user.go:200.2,201.17 2 0
github.com/hiconvo/api/handlers/user.go:207.2,208.16 2 0
github.com/hiconvo/api/handlers/user.go:218.2,219.16 2 0
github.com/hiconvo/api/handlers/user.go:260.2,261.16 2 0
github.com/hiconvo/api/handlers/user.go:266.2,273.16 2 0
github.com/hiconvo/api/handlers/user.go:279.2,279.38 1 0
github.com/hiconvo/api/handlers/user.go:284.2,286.38 2 0
github.com/hiconvo/api/handlers/user.go:195.52,198.3 2 0
github.com/hiconvo/api/handlers/user.go:201.17,204.3 2 0
github.com/hiconvo/api/handlers/user.go:208.16,211.3 2 0
github.com/hiconvo/api/handlers/user.go:211.8,211.18 1 0
github.com/hiconvo/api/handlers/user.go:211.18,214.3 2 0
github.com/hiconvo/api/handlers/user.go:219.16,222.3 2 0
github.com/hiconvo/api/handlers/user.go:222.8,222.18 1 0
github.com/hiconvo/api/handlers/user.go:222.18,223.40 1 0
github.com/hiconvo/api/handlers/user.go:230.3,230.44 1 0
github.com/hiconvo/api/handlers/user.go:239.3,239.21 1 0
github.com/hiconvo/api/handlers/user.go:249.3,249.39 1 0
github.com/hiconvo/api/handlers/user.go:254.3,255.9 2 0
github.com/hiconvo/api/handlers/user.go:223.40,225.4 1 0
github.com/hiconvo/api/handlers/user.go:225.9,227.4 1 0
github.com/hiconvo/api/handlers/user.go:230.44,237.4 3 0
github.com/hiconvo/api/handlers/user.go:239.21,241.18 2 0
github.com/hiconvo/api/handlers/user.go:245.4,245.24 1 0
github.com/hiconvo/api/handlers/user.go:241.18,244.5 1 0
github.com/hiconvo/api/handlers/user.go:249.39,252.4 2 0
github.com/hiconvo/api/handlers/user.go:261.16,264.3 1 0
github.com/hiconvo/api/handlers/user.go:273.16,276.3 2 0
github.com/hiconvo/api/handlers/user.go:279.38,282.3 2 0
github.com/hiconvo/api/handlers/user.go:304.57,310.52 5 2
github.com/hiconvo/api/handlers/user.go:315.2,315.22 1 1
github.com/hiconvo/api/handlers/user.go:319.2,319.53 1 1
github.com/hiconvo/api/handlers/user.go:337.2,337.65 1 1
github.com/hiconvo/api/handlers/user.go:341.2,341.62 1 1
github.com/hiconvo/api/handlers/user.go:345.2,345.38 1 1
github.com/hiconvo/api/handlers/user.go:350.2,350.38 1 1
github.com/hiconvo/api/handlers/user.go:310.52,313.3 2 1
github.com/hiconvo/api/handlers/user.go:315.22,317.3 1 0
github.com/hiconvo/api/handlers/user.go:319.53,322.17 2 0
github.com/hiconvo/api/handlers/user.go:331.3,333.22 3 0
github.com/hiconvo/api/handlers/user.go:322.17,325.4 2 0
github.com/hiconvo/api/handlers/user.go:325.9,325.19 1 0
github.com/hiconvo/api/handlers/user.go:325.19,328.4 2 0
github.com/hiconvo/api/handlers/user.go:337.65,339.3 1 1
github.com/hiconvo/api/handlers/user.go:341.62,343.3 1 1
github.com/hiconvo/api/handlers/user.go:345.38,348.3 2 0
github.com/hiconvo/api/handlers/user.go:364.61,369.52 4 3
github.com/hiconvo/api/handlers/user.go:374.2,375.16 2 3
github.com/hiconvo/api/handlers/user.go:380.2,385.4 1 3
github.com/hiconvo/api/handlers/user.go:390.2,392.38 3 1
github.com/hiconvo/api/handlers/user.go:397.2,397.38 1 1
github.com/hiconvo/api/handlers/user.go:369.52,372.3 2 0
github.com/hiconvo/api/handlers/user.go:375.16,378.3 2 0
github.com/hiconvo/api/handlers/user.go:385.4,388.3 2 2
github.com/hiconvo/api/handlers/user.go:392.38,395.3 2 0
github.com/hiconvo/api/handlers/user.go:411.58,416.52 4 3
github.com/hiconvo/api/handlers/user.go:421.2,422.16 2 3
github.com/hiconvo/api/handlers/user.go:427.2,432.4 1 3
github.com/hiconvo/api/handlers/user.go:437.2,439.38 3 1
github.com/hiconvo/api/handlers/user.go:444.2,444.38 1 1
github.com/hiconvo/api/handlers/user.go:416.52,419.3 2 0
github.com/hiconvo/api/handlers/user.go:422.16,425.3 2 0
github.com/hiconvo/api/handlers/user.go:432.4,435.3 2 2
github.com/hiconvo/api/handlers/user.go:439.38,442.3 2 0
github.com/hiconvo/api/handlers/user.go:457.61,462.52 4 3
github.com/hiconvo/api/handlers/user.go:467.2,468.16 2 2
github.com/hiconvo/api/handlers/user.go:475.2,477.19 1 2
github.com/hiconvo/api/handlers/user.go:462.52,465.3 2 1
github.com/hiconvo/api/handlers/user.go:468.16,471.3 2 0
github.com/hiconvo/api/handlers/user.go:471.8,471.18 1 2
github.com/hiconvo/api/handlers/user.go:471.18,473.3 1 1
github.com/hiconvo/api/handlers/user.go:483.62,486.16 3 0
github.com/hiconvo/api/handlers/user.go:490.2,490.38 1 0
github.com/hiconvo/api/handlers/user.go:486.16,489.3 2 0
github.com/hiconvo/api/handlers/user.go:496.57,500.17 3 0
github.com/hiconvo/api/handlers/user.go:505.2,506.16 2 0
github.com/hiconvo/api/handlers/user.go:511.2,511.78 1 0
github.com/hiconvo/api/handlers/user.go:500.17,503.3 2 0
github.com/hiconvo/api/handlers/user.go:506.16,509.3 2 0
github.com/hiconvo/api/handlers/user.go:525.56,531.52 5 0
github.com/hiconvo/api/handlers/user.go:536.2,537.16 2 0
github.com/hiconvo/api/handlers/user.go:541.2,548.16 4 0
github.com/hiconvo/api/handlers/user.go:552.2,563.34 9 0
github.com/hiconvo/api/handlers/user.go:570.2,572.16 3 0
github.com/hiconvo/api/handlers/user.go:576.2,576.12 1 0
github.com/hiconvo/api/handlers/user.go:580.2,581.38 2 0
github.com/hiconvo/api/handlers/user.go:586.2,586.38 1 0
github.com/hiconvo/api/handlers/user.go:531.52,534.3 2 0
github.com/hiconvo/api/handlers/user.go:537.16,540.3 2 0
github.com/hiconvo/api/handlers/user.go:548.16,551.3 2 0
github.com/hiconvo/api/handlers/user.go:563.34,567.3 3 0
github.com/hiconvo/api/handlers/user.go:572.16,575.3 2 0
github.com/hiconvo/api/handlers/user.go:576.12,578.3 1 0
github.com/hiconvo/api/handlers/user.go:581.38,584.3 2 0
github.com/hiconvo/api/handlers/inbound.go:22.54,25.65 2 1
github.com/hiconvo/api/handlers/inbound.go:30.2,32.19 3 1
github.com/hiconvo/api/handlers/inbound.go:38.2,39.18 2 1
github.com/hiconvo/api/handlers/inbound.go:45.2,46.18 2 1
github.com/hiconvo/api/handlers/inbound.go:52.2,53.12 2 1
github.com/hiconvo/api/handlers/inbound.go:63.2,63.55 1 1
github.com/hiconvo/api/handlers/inbound.go:70.2,73.20 4 1
github.com/hiconvo/api/handlers/inbound.go:79.2,82.20 2 1
github.com/hiconvo/api/handlers/inbound.go:88.2,89.17 2 1
github.com/hiconvo/api/handlers/inbound.go:94.2,94.44 1 1
github.com/hiconvo/api/handlers/inbound.go:99.2,99.43 1 1
github.com/hiconvo/api/handlers/inbound.go:104.2,104.47 1 1
github.com/hiconvo/api/handlers/inbound.go:109.2,110.70 2 1
github.com/hiconvo/api/handlers/inbound.go:25.65,28.3 2 0
github.com/hiconvo/api/handlers/inbound.go:32.19,35.3 2 0
github.com/hiconvo/api/handlers/inbound.go:39.18,42.3 2 0
github.com/hiconvo/api/handlers/inbound.go:46.18,49.3 2 0
github.com/hiconvo/api/handlers/inbound.go:53.12,57.3 3 0
github.com/hiconvo/api/handlers/inbound.go:57.8,57.24 1 1
github.com/hiconvo/api/handlers/inbound.go:57.24,60.3 2 0
github.com/hiconvo/api/handlers/inbound.go:63.55,67.3 3 0
github.com/hiconvo/api/handlers/inbound.go:73.20,76.3 2 0
github.com/hiconvo/api/handlers/inbound.go:82.20,85.3 2 0
github.com/hiconvo/api/handlers/inbound.go:89.17,92.3 2 0
github.com/hiconvo/api/handlers/inbound.go:94.44,97.3 2 0
github.com/hiconvo/api/handlers/inbound.go:99.43,102.3 2 0
github.com/hiconvo/api/handlers/inbound.go:104.47,107.3 2 0
github.com/hiconvo/api/handlers/inbound.go:113.66,117.2 3 0
github.com/hiconvo/api/handlers/inbound.go:119.66,123.2 3 0
github.com/hiconvo/api/handlers/inbound.go:125.35,136.16 2 0
github.com/hiconvo/api/handlers/inbound.go:136.16,139.3 2 0
github.com/hiconvo/api/handlers/read.go:15.63,20.55 4 3
github.com/hiconvo/api/handlers/read.go:25.2,25.76 1 2
github.com/hiconvo/api/handlers/read.go:30.2,33.43 3 2
github.com/hiconvo/api/handlers/read.go:38.2,38.43 1 2
github.com/hiconvo/api/handlers/read.go:20.55,23.3 2 1
github.com/hiconvo/api/handlers/read.go:25.76,28.3 2 0
github.com/hiconvo/api/handlers/read.go:33.43,36.3 2 0
github.com/hiconvo/api/handlers/read.go:41.62,46.53 4 3
github.com/hiconvo/api/handlers/read.go:51.2,51.74 1 2
github.com/hiconvo/api/handlers/read.go:56.2,59.42 3 2
github.com/hiconvo/api/handlers/read.go:64.2,64.42 1 2
github.com/hiconvo/api/handlers/read.go:46.53,49.3 2 1
github.com/hiconvo/api/handlers/read.go:51.74,54.3 2 0
github.com/hiconvo/api/handlers/read.go:59.42,62.3 2 0
github.com/hiconvo/api/handlers/read.go:72.9,74.16 2 4
github.com/hiconvo/api/handlers/read.go:78.2,79.26 2 4
github.com/hiconvo/api/handlers/read.go:84.2,84.74 1 4
github.com/hiconvo/api/handlers/read.go:88.2,88.12 1 4
github.com/hiconvo/api/handlers/read.go:74.16,76.3 1 0
github.com/hiconvo/api/handlers/read.go:79.26,82.3 2 0
github.com/hiconvo/api/handlers/read.go:84.74,86.3 1 0
github.com/hiconvo/api/handlers/thread.go:34.59,39.24 4 3
github.com/hiconvo/api/handlers/thread.go:47.2,48.52 2 3
github.com/hiconvo/api/handlers/thread.go:53.2,53.29 1 3
github.com/hiconvo/api/handlers/thread.go:60.2,61.16 2 3
github.com/hiconvo/api/handlers/thread.go:68.2,69.16 2 2
github.com/hiconvo/api/handlers/thread.go:74.2,82.29 4 2
github.com/hiconvo/api/handlers/thread.go:87.2,88.17 2 2
github.com/hiconvo/api/handlers/thread.go:93.2,93.43 1 2
github.com/hiconvo/api/handlers/thread.go:101.2,101.33 1 2
github.com/hiconvo/api/handlers/thread.go:106.2,106.75 1 2
github.com/hiconvo/api/handlers/thread.go:113.2,113.48 1 2
github.com/hiconvo/api/handlers/thread.go:39.24,44.3 2 0
github.com/hiconvo/api/handlers/thread.go:48.52,51.3 2 0
github.com/hiconvo/api/handlers/thread.go:53.29,58.3 2 0
github.com/hiconvo/api/handlers/thread.go:61.16,66.3 2 1
github.com/hiconvo/api/handlers/thread.go:69.16,72.3 2 0
github.com/hiconvo/api/handlers/thread.go:82.29,84.3 1 3
github.com/hiconvo/api/handlers/thread.go:88.17,91.3 2 0
github.com/hiconvo/api/handlers/thread.go:93.43,96.3 2 0
github.com/hiconvo/api/handlers/thread.go:101.33,103.3 1 3
github.com/hiconvo/api/handlers/thread.go:106.75,111.3 2 0
github.com/hiconvo/api/handlers/thread.go:119.57,125.16 4 4
github.com/hiconvo/api/handlers/thread.go:130.2,130.84 1 4
github.com/hiconvo/api/handlers/thread.go:125.16,128.3 2 0
github.com/hiconvo/api/handlers/thread.go:136.56,141.46 4 3
github.com/hiconvo/api/handlers/thread.go:147.2,147.58 1 1
github.com/hiconvo/api/handlers/thread.go:141.46,144.3 2 2
github.com/hiconvo/api/handlers/thread.go:158.59,165.25 5 3
github.com/hiconvo/api/handlers/thread.go:170.2,171.52 2 1
github.com/hiconvo/api/handlers/thread.go:176.2,178.43 2 1
github.com/hiconvo/api/handlers/thread.go:183.2,183.43 1 1
github.com/hiconvo/api/handlers/thread.go:165.25,168.3 2 2
github.com/hiconvo/api/handlers/thread.go:171.52,174.3 2 0
github.com/hiconvo/api/handlers/thread.go:178.43,181.3 2 0
github.com/hiconvo/api/handlers/thread.go:189.59,195.25 4 3
github.com/hiconvo/api/handlers/thread.go:201.2,201.30 1 1
github.com/hiconvo/api/handlers/thread.go:205.2,206.30 2 1
github.com/hiconvo/api/handlers/thread.go:211.2,211.75 1 1
github.com/hiconvo/api/handlers/thread.go:215.2,215.43 1 1
github.com/hiconvo/api/handlers/thread.go:220.2,220.43 1 1
github.com/hiconvo/api/handlers/thread.go:195.25,198.3 2 2
github.com/hiconvo/api/handlers/thread.go:201.30,203.3 1 2
github.com/hiconvo/api/handlers/thread.go:206.30,208.3 1 2
github.com/hiconvo/api/handlers/thread.go:211.75,213.3 1 0
github.com/hiconvo/api/handlers/thread.go:215.43,218.3 2 0
github.com/hiconvo/api/handlers/thread.go:226.62,234.25 6 5
github.com/hiconvo/api/handlers/thread.go:241.2,243.26 3 3
github.com/hiconvo/api/handlers/thread.go:248.2,248.16 1 3
github.com/hiconvo/api/handlers/thread.go:253.2,253.55 1 3
github.com/hiconvo/api/handlers/thread.go:260.2,263.50 2 3
github.com/hiconvo/api/handlers/thread.go:269.2,269.43 1 3
github.com/hiconvo/api/handlers/thread.go:274.2,274.43 1 3
github.com/hiconvo/api/handlers/thread.go:234.25,237.3 2 2
github.com/hiconvo/api/handlers/thread.go:243.26,245.3 1 2
github.com/hiconvo/api/handlers/thread.go:245.8,247.3 1 1
github.com/hiconvo/api/handlers/thread.go:248.16,251.3 2 0
github.com/hiconvo/api/handlers/thread.go:253.55,258.3 2 0
github.com/hiconvo/api/handlers/thread.go:263.50,266.3 2 0
github.com/hiconvo/api/handlers/thread.go:269.43,272.3 2 0
github.com/hiconvo/api/handlers/thread.go:281.67,290.17 7 4
github.com/hiconvo/api/handlers/thread.go:297.2,297.98 1 4
github.com/hiconvo/api/handlers/thread.go:314.2,314.52 1 2
github.com/hiconvo/api/handlers/thread.go:320.2,320.43 1 2
github.com/hiconvo/api/handlers/thread.go:325.2,325.43 1 2
github.com/hiconvo/api/handlers/thread.go:290.17,293.3 2 0
github.com/hiconvo/api/handlers/thread.go:297.98,299.49 1 2
github.com/hiconvo/api/handlers/thread.go:306.3,307.40 2 2
github.com/hiconvo/api/handlers/thread.go:299.49,304.4 2 0
github.com/hiconvo/api/handlers/thread.go:308.8,311.3 2 2
github.com/hiconvo/api/handlers/thread.go:314.52,317.3 2 0
github.com/hiconvo/api/handlers/thread.go:320.43,323.3 2 0
